app/build/intermediates/manifest_merge_blame_file/debug/manifest-merger-blame-debug-report.txt
1<?xml version="1.0" encoding="utf-8"?>
2<manifest xmlns:android="http://schemas.android.com/apk/res/android"
3    package="com.example.finalproject"
4    android:versionCode="1"
5    android:versionName="1.0" >
6
7    <uses-sdk
8        android:minSdkVersion="24"
8-->src/main/AndroidManifest.xml
9        android:targetSdkVersion="33" />
9-->src/main/AndroidManifest.xml
10
11    <uses-permission android:name="android.permission.INTERNET" />
11-->[com.google.firebase:firebase-auth:22.0.0] AndroidManifest.xml:25:5-67
11-->[com.google.firebase:firebase-auth:22.0.0] AndroidManifest.xml:25:22-64
12    <uses-permission android:name="android.permission.ACCESS_NETWORK_STATE" />
12-->[com.google.firebase:firebase-auth:22.0.0] AndroidManifest.xml:26:5-79
12-->[com.google.firebase:firebase-auth:22.0.0] AndroidManifest.xml:26:22-76
13    <uses-permission android:name="android.permission.WAKE_LOCK" />
13-->[com.google.android.gms:play-services-measurement-api:21.2.2] AndroidManifest.xml:24:5-68
13-->[com.google.android.gms:play-services-measurement-api:21.2.2] AndroidManifest.xml:24:22-65
14    <uses-permission android:name="com.google.android.gms.permission.AD_ID" />
14-->[com.google.android.gms:play-services-measurement-api:21.2.2] AndroidManifest.xml:25:5-79
14-->[com.google.android.gms:play-services-measurement-api:21.2.2] AndroidManifest.xml:25:22-76
15    <uses-permission android:name="com.google.android.finsky.permission.BIND_GET_INSTALL_REFERRER_SERVICE" />
15-->[com.google.android.gms:play-services-measurement:21.2.2] AndroidManifest.xml:26:5-110
15-->[com.google.android.gms:play-services-measurement:21.2.2] AndroidManifest.xml:26:22-107
16
17    <permission
17-->[androidx.core:core:1.9.0] AndroidManifest.xml:22:5-24:47
18        android:name="com.example.finalproject.DYNAMIC_RECEIVER_NOT_EXPORTED_PERMISSION"
18-->[androidx.core:core:1.9.0] AndroidManifest.xml:23:9-81
19        android:protectionLevel="signature" />
19-->[androidx.core:core:1.9.0] AndroidManifest.xml:24:9-44
20
21    <uses-permission android:name="com.example.finalproject.DYNAMIC_RECEIVER_NOT_EXPORTED_PERMISSION" />
21-->[androidx.core:core:1.9.0] AndroidManifest.xml:26:5-97
21-->[androidx.core:core:1.9.0] AndroidManifest.xml:26:22-94
22
23    <application
23-->src/main/AndroidManifest.xml:5:5-47:19
24        android:allowBackup="true"
24-->src/main/AndroidManifest.xml:6:9-35
25        android:appComponentFactory="androidx.core.app.CoreComponentFactory"
25-->[androidx.core:core:1.9.0] AndroidManifest.xml:28:18-86
26        android:dataExtractionRules="@xml/data_extraction_rules"
26-->src/main/AndroidManifest.xml:7:9-65
27        android:debuggable="true"
28        android:extractNativeLibs="false"
29        android:fullBackupContent="@xml/backup_rules"
29-->src/main/AndroidManifest.xml:8:9-54
30        android:icon="@mipmap/ic_launcher"
30-->src/main/AndroidManifest.xml:9:9-43
31        android:label="@string/app_name"
31-->src/main/AndroidManifest.xml:10:9-41
32        android:supportsRtl="true"
32-->src/main/AndroidManifest.xml:11:9-35
33        android:testOnly="true"
34        android:theme="@style/Theme.Finalproject" >
34-->src/main/AndroidManifest.xml:12:9-50
35        <activity
35-->src/main/AndroidManifest.xml:14:9-23:24
36            android:name="com.example.finalproject.splashscreen"
36-->src/main/AndroidManifest.xml:15:13-41
37            android:exported="true"
37-->src/main/AndroidManifest.xml:17:13-36
38            android:theme="@style/splashscreen" >
38-->src/main/AndroidManifest.xml:16:13-48
39            <intent-filter>
39-->src/main/AndroidManifest.xml:18:13-22:29
40                <action android:name="android.intent.action.MAIN" />
40-->src/main/AndroidManifest.xml:19:17-69
40-->src/main/AndroidManifest.xml:19:25-66
41
42                <category android:name="android.intent.category.LAUNCHER" />
42-->src/main/AndroidManifest.xml:21:17-77
42-->src/main/AndroidManifest.xml:21:27-74
43            </intent-filter>
44        </activity>
45        <activity
45-->src/main/AndroidManifest.xml:24:9-26:40
46            android:name="com.example.finalproject.AddcarsActivity"
46-->src/main/AndroidManifest.xml:25:13-44
47            android:exported="false" />
47-->src/main/AndroidManifest.xml:26:13-37
48        <activity
48-->src/main/AndroidManifest.xml:27:9-29:40
49            android:name="com.example.finalproject.communicate"
49-->src/main/AndroidManifest.xml:28:13-40
50            android:exported="false" />
50-->src/main/AndroidManifest.xml:29:13-37
51        <activity
51-->src/main/AndroidManifest.xml:30:9-32:40
52            android:name="com.example.finalproject.paymentActivity"
52-->src/main/AndroidManifest.xml:31:13-44
53            android:exported="false" />
53-->src/main/AndroidManifest.xml:32:13-37
54        <activity
54-->src/main/AndroidManifest.xml:33:9-35:40
55            android:name="com.example.finalproject.carsActivity"
55-->src/main/AndroidManifest.xml:34:13-41
56            android:exported="false" />
56-->src/main/AndroidManifest.xml:35:13-37
57        <activity
57-->src/main/AndroidManifest.xml:36:9-38:40
58            android:name="com.example.finalproject.LoginActivity"
58-->src/main/AndroidManifest.xml:37:13-42
59            android:exported="false" />
59-->src/main/AndroidManifest.xml:38:13-37
60        <activity
60-->src/main/AndroidManifest.xml:39:9-43:20
61            android:name="com.example.finalproject.RegisterActivity"
61-->src/main/AndroidManifest.xml:40:13-45
62            android:exported="true" >
62-->src/main/AndroidManifest.xml:41:13-36
63        </activity>
64        <activity
64-->src/main/AndroidManifest.xml:44:9-46:39
65            android:name="com.example.finalproject.MainActivity"
65-->src/main/AndroidManifest.xml:45:13-41
66            android:exported="true" />
66-->src/main/AndroidManifest.xml:46:13-36
67
68        <service
68-->[com.google.firebase:firebase-database-ktx:20.2.1] AndroidManifest.xml:11:9-17:19
69            android:name="com.google.firebase.components.ComponentDiscoveryService"
69-->[com.google.firebase:firebase-database-ktx:20.2.1] AndroidManifest.xml:12:13-84
70            android:directBootAware="true"
70-->[com.google.firebase:firebase-common:20.3.2] AndroidManifest.xml:34:13-43
71            android:exported="false" >
71-->[com.google.firebase:firebase-database-ktx:20.2.1] AndroidManifest.xml:13:13-37
72            <meta-data
72-->[com.google.firebase:firebase-database-ktx:20.2.1] AndroidManifest.xml:14:13-16:85
73                android:name="com.google.firebase.components:com.google.firebase.database.ktx.FirebaseDatabaseKtxRegistrar"
73-->[com.google.firebase:firebase-database-ktx:20.2.1] AndroidManifest.xml:15:17-124
74                android:value="com.google.firebase.components.ComponentRegistrar" />
74-->[com.google.firebase:firebase-database-ktx:20.2.1] AndroidManifest.xml:16:17-82
75            <meta-data
75-->[com.google.firebase:firebase-storage-ktx:20.2.0] AndroidManifest.xml:14:13-16:85
76                android:name="com.google.firebase.components:com.google.firebase.storage.ktx.FirebaseStorageKtxRegistrar"
76-->[com.google.firebase:firebase-storage-ktx:20.2.0] AndroidManifest.xml:15:17-122
77                android:value="com.google.firebase.components.ComponentRegistrar" />
77-->[com.google.firebase:firebase-storage-ktx:20.2.0] AndroidManifest.xml:16:17-82
78            <meta-data
78-->[com.google.firebase:firebase-analytics-ktx:21.2.2] AndroidManifest.xml:11:13-13:85
79                android:name="com.google.firebase.components:com.google.firebase.analytics.ktx.FirebaseAnalyticsKtxRegistrar"
79-->[com.google.firebase:firebase-analytics-ktx:21.2.2] AndroidManifest.xml:12:17-126
80                android:value="com.google.firebase.components.ComponentRegistrar" />
80-->[com.google.firebase:firebase-analytics-ktx:21.2.2] AndroidManifest.xml:13:17-82
81            <meta-data
81-->[com.google.firebase:firebase-common-ktx:20.3.2] AndroidManifest.xml:14:13-16:85
82                android:name="com.google.firebase.components:com.google.firebase.ktx.FirebaseCommonKtxRegistrar"
82-->[com.google.firebase:firebase-common-ktx:20.3.2] AndroidManifest.xml:15:17-113
83                android:value="com.google.firebase.components.ComponentRegistrar" />
83-->[com.google.firebase:firebase-common-ktx:20.3.2] AndroidManifest.xml:16:17-82
84            <meta-data
84-->[com.google.firebase:firebase-auth:22.0.0] AndroidManifest.xml:69:13-71:85
85                android:name="com.google.firebase.components:com.google.firebase.auth.FirebaseAuthRegistrar"
85-->[com.google.firebase:firebase-auth:22.0.0] AndroidManifest.xml:70:17-109
86                android:value="com.google.firebase.components.ComponentRegistrar" />
86-->[com.google.firebase:firebase-auth:22.0.0] AndroidManifest.xml:71:17-82
87            <meta-data
87-->[com.google.firebase:firebase-database:20.2.1] AndroidManifest.xml:31:13-33:85
88                android:name="com.google.firebase.components:com.google.firebase.database.DatabaseRegistrar"
88-->[com.google.firebase:firebase-database:20.2.1] AndroidManifest.xml:32:17-109
89                android:value="com.google.firebase.components.ComponentRegistrar" />
89-->[com.google.firebase:firebase-database:20.2.1] AndroidManifest.xml:33:17-82
90            <meta-data
90-->[com.google.firebase:firebase-storage:20.2.0] AndroidManifest.xml:32:13-34:85
91                android:name="com.google.firebase.components:com.google.firebase.storage.StorageRegistrar"
91-->[com.google.firebase:firebase-storage:20.2.0] AndroidManifest.xml:33:17-107
92                android:value="com.google.firebase.components.ComponentRegistrar" />
92-->[com.google.firebase:firebase-storage:20.2.0] AndroidManifest.xml:34:17-82
93            <meta-data
93-->[com.google.android.gms:play-services-measurement-api:21.2.2] AndroidManifest.xml:31:13-33:85
94                android:name="com.google.firebase.components:com.google.firebase.analytics.connector.internal.AnalyticsConnectorRegistrar"
94-->[com.google.android.gms:play-services-measurement-api:21.2.2] AndroidManifest.xml:32:17-139
95                android:value="com.google.firebase.components.ComponentRegistrar" />
95-->[com.google.android.gms:play-services-measurement-api:21.2.2] AndroidManifest.xml:33:17-82
96            <meta-data
96-->[com.google.firebase:firebase-installations:17.1.3] AndroidManifest.xml:17:13-19:85
97                android:name="com.google.firebase.components:com.google.firebase.installations.FirebaseInstallationsRegistrar"
97-->[com.google.firebase:firebase-installations:17.1.3] AndroidManifest.xml:18:17-127
98                android:value="com.google.firebase.components.ComponentRegistrar" />
98-->[com.google.firebase:firebase-installations:17.1.3] AndroidManifest.xml:19:17-82
99        </service>
100
101        <activity
101-->[com.google.firebase:firebase-auth:22.0.0] AndroidManifest.xml:29:9-46:20
102            android:name="com.google.firebase.auth.internal.GenericIdpActivity"
102-->[com.google.firebase:firebase-auth:22.0.0] AndroidManifest.xml:30:13-80
103            android:excludeFromRecents="true"
103-->[com.google.firebase:firebase-auth:22.0.0] AndroidManifest.xml:31:13-46
104            android:exported="true"
104-->[com.google.firebase:firebase-auth:22.0.0] AndroidManifest.xml:32:13-36
105            android:launchMode="singleTask"
105-->[com.google.firebase:firebase-auth:22.0.0] AndroidManifest.xml:33:13-44
106            android:theme="@android:style/Theme.Translucent.NoTitleBar" >
106-->[com.google.firebase:firebase-auth:22.0.0] AndroidManifest.xml:34:13-72
107            <intent-filter>
107-->[com.google.firebase:firebase-auth:22.0.0] AndroidManifest.xml:35:13-45:29
108                <action android:name="android.intent.action.VIEW" />
108-->[com.google.firebase:firebase-auth:22.0.0] AndroidManifest.xml:36:17-69
108-->[com.google.firebase:firebase-auth:22.0.0] AndroidManifest.xml:36:25-66
109
110                <category android:name="android.intent.category.DEFAULT" />
110-->[com.google.firebase:firebase-auth:22.0.0] AndroidManifest.xml:38:17-76
110-->[com.google.firebase:firebase-auth:22.0.0] AndroidManifest.xml:38:27-73
111                <category android:name="android.intent.category.BROWSABLE" />
111-->[com.google.firebase:firebase-auth:22.0.0] AndroidManifest.xml:39:17-78
111-->[com.google.firebase:firebase-auth:22.0.0] AndroidManifest.xml:39:27-75
112
113                <data
113-->[com.google.firebase:firebase-auth:22.0.0] AndroidManifest.xml:41:17-44:51
114                    android:host="firebase.auth"
114-->[com.google.firebase:firebase-auth:22.0.0] AndroidManifest.xml:42:21-49
115                    android:path="/"
115-->[com.google.firebase:firebase-auth:22.0.0] AndroidManifest.xml:43:21-37
116                    android:scheme="genericidp" />
116-->[com.google.firebase:firebase-auth:22.0.0] AndroidManifest.xml:44:21-48
117            </intent-filter>
118        </activity>
119        <activity
119-->[com.google.firebase:firebase-auth:22.0.0] AndroidManifest.xml:47:9-64:20
120            android:name="com.google.firebase.auth.internal.RecaptchaActivity"
120-->[com.google.firebase:firebase-auth:22.0.0] AndroidManifest.xml:48:13-79
121            android:excludeFromRecents="true"
121-->[com.google.firebase:firebase-auth:22.0.0] AndroidManifest.xml:49:13-46
122            android:exported="true"
122-->[com.google.firebase:firebase-auth:22.0.0] AndroidManifest.xml:50:13-36
123            android:launchMode="singleTask"
123-->[com.google.firebase:firebase-auth:22.0.0] AndroidManifest.xml:51:13-44
124            android:theme="@android:style/Theme.Translucent.NoTitleBar" >
124-->[com.google.firebase:firebase-auth:22.0.0] AndroidManifest.xml:52:13-72
125            <intent-filter>
125-->[com.google.firebase:firebase-auth:22.0.0] AndroidManifest.xml:53:13-63:29
126                <action android:name="android.intent.action.VIEW" />
126-->[com.google.firebase:firebase-auth:22.0.0] AndroidManifest.xml:36:17-69
126-->[com.google.firebase:firebase-auth:22.0.0] AndroidManifest.xml:36:25-66
127
128                <category android:name="android.intent.category.DEFAULT" />
128-->[com.google.firebase:firebase-auth:22.0.0] AndroidManifest.xml:38:17-76
128-->[com.google.firebase:firebase-auth:22.0.0] AndroidManifest.xml:38:27-73
129                <category android:name="android.intent.category.BROWSABLE" />
129-->[com.google.firebase:firebase-auth:22.0.0] AndroidManifest.xml:39:17-78
129-->[com.google.firebase:firebase-auth:22.0.0] AndroidManifest.xml:39:27-75
130
131                <data
131-->[com.google.firebase:firebase-auth:22.0.0] AndroidManifest.xml:41:17-44:51
132                    android:host="firebase.auth"
132-->[com.google.firebase:firebase-auth:22.0.0] AndroidManifest.xml:42:21-49
133                    android:path="/"
133-->[com.google.firebase:firebase-auth:22.0.0] AndroidManifest.xml:43:21-37
134                    android:scheme="recaptcha" />
134-->[com.google.firebase:firebase-auth:22.0.0] AndroidManifest.xml:44:21-48
135            </intent-filter>
136        </activity>
137
138        <provider
138-->[com.google.firebase:firebase-common:20.3.2] AndroidManifest.xml:25:9-30:39
139            android:name="com.google.firebase.provider.FirebaseInitProvider"
139-->[com.google.firebase:firebase-common:20.3.2] AndroidManifest.xml:26:13-77
140            android:authorities="com.example.finalproject.firebaseinitprovider"
140-->[com.google.firebase:firebase-common:20.3.2] AndroidManifest.xml:27:13-72
141            android:directBootAware="true"
141-->[com.google.firebase:firebase-common:20.3.2] AndroidManifest.xml:28:13-43
142            android:exported="false"
142-->[com.google.firebase:firebase-common:20.3.2] AndroidManifest.xml:29:13-37
143            android:initOrder="100" />
143-->[com.google.firebase:firebase-common:20.3.2] AndroidManifest.xml:30:13-36
144
145        <activity
145-->[com.google.android.gms:play-services-base:18.1.0] AndroidManifest.xml:20:9-22:45
146            android:name="com.google.android.gms.common.api.GoogleApiActivity"
146-->[com.google.android.gms:play-services-base:18.1.0] AndroidManifest.xml:20:19-85
147            android:exported="false"
147-->[com.google.android.gms:play-services-base:18.1.0] AndroidManifest.xml:22:19-43
148            android:theme="@android:style/Theme.Translucent.NoTitleBar" />
148-->[com.google.android.gms:play-services-base:18.1.0] AndroidManifest.xml:21:19-78
149
150        <receiver
150-->[com.google.android.gms:play-services-measurement:21.2.2] AndroidManifest.xml:29:9-33:20
151            android:name="com.google.android.gms.measurement.AppMeasurementReceiver"
151-->[com.google.android.gms:play-services-measurement:21.2.2] AndroidManifest.xml:30:13-85
152            android:enabled="true"
152-->[com.google.android.gms:play-services-measurement:21.2.2] AndroidManifest.xml:31:13-35
153            android:exported="false" >
153-->[com.google.android.gms:play-services-measurement:21.2.2] AndroidManifest.xml:32:13-37
154        </receiver>
155
156        <service
156-->[com.google.android.gms:play-services-measurement:21.2.2] AndroidManifest.xml:35:9-38:40
157            android:name="com.google.android.gms.measurement.AppMeasurementService"
157-->[com.google.android.gms:play-services-measurement:21.2.2] AndroidManifest.xml:36:13-84
158            android:enabled="true"
158-->[com.google.android.gms:play-services-measurement:21.2.2] AndroidManifest.xml:37:13-35
159            android:exported="false" />
159-->[com.google.android.gms:play-services-measurement:21.2.2] AndroidManifest.xml:38:13-37
160        <service
160-->[com.google.android.gms:play-services-measurement:21.2.2] AndroidManifest.xml:39:9-43:72
161            android:name="com.google.android.gms.measurement.AppMeasurementJobService"
161-->[com.google.android.gms:play-services-measurement:21.2.2] AndroidManifest.xml:40:13-87
162            android:enabled="true"
162-->[com.google.android.gms:play-services-measurement:21.2.2] AndroidManifest.xml:41:13-35
163            android:exported="false"
163-->[com.google.android.gms:play-services-measurement:21.2.2] AndroidManifest.xml:42:13-37
164            android:permission="android.permission.BIND_JOB_SERVICE" />
164-->[com.google.android.gms:play-services-measurement:21.2.2] AndroidManifest.xml:43:13-69
165
166        <meta-data
166-->[com.google.android.gms:play-services-basement:18.1.0] AndroidManifest.xml:21:9-23:69
167            android:name="com.google.android.gms.version"
167-->[com.google.android.gms:play-services-basement:18.1.0] AndroidManifest.xml:22:13-58
168            android:value="@integer/google_play_services_version" />
168-->[com.google.android.gms:play-services-basement:18.1.0] AndroidManifest.xml:23:13-66
169
170        <provider
170-->[androidx.emoji2:emoji2:1.2.0] AndroidManifest.xml:24:9-32:20
171            android:name="androidx.startup.InitializationProvider"
171-->[androidx.emoji2:emoji2:1.2.0] AndroidManifest.xml:25:13-67
172            android:authorities="com.example.finalproject.androidx-startup"
172-->[androidx.emoji2:emoji2:1.2.0] AndroidManifest.xml:26:13-68
173            android:exported="false" >
173-->[androidx.emoji2:emoji2:1.2.0] AndroidManifest.xml:27:13-37
174            <meta-data
174-->[androidx.emoji2:emoji2:1.2.0] AndroidManifest.xml:29:13-31:52
175                android:name="androidx.emoji2.text.EmojiCompatInitializer"
175-->[androidx.emoji2:emoji2:1.2.0] AndroidManifest.xml:30:17-75
176                android:value="androidx.startup" />
176-->[androidx.emoji2:emoji2:1.2.0] AndroidManifest.xml:31:17-49
177            <meta-data
177-->[androidx.lifecycle:lifecycle-process:2.4.1] AndroidManifest.xml:31:13-33:52
178                android:name="androidx.lifecycle.ProcessLifecycleInitializer"
178-->[androidx.lifecycle:lifecycle-process:2.4.1] AndroidManifest.xml:32:17-78
179                android:value="androidx.startup" />
179-->[androidx.lifecycle:lifecycle-process:2.4.1] AndroidManifest.xml:33:17-49
180        </provider>
181    </application>
182
183</manifest>